android/app/build/intermediates/manifest_merge_blame_file/release/manifest-merger-blame-release-report.txt
1<?xml version="1.0" encoding="utf-8"?>
2<manifest xmlns:android="http://schemas.android.com/apk/res/android"
3    package="br.com.soluview.pigpay"
4    android:versionCode="1"
5    android:versionName="1.0" >
6
7    <uses-sdk
8        android:minSdkVersion="16"
8-->src/main/AndroidManifest.xml
9        android:targetSdkVersion="29" />
9-->src/main/AndroidManifest.xml
10
11    <uses-permission android:name="android.permission.INTERNET" />
11-->src/main/AndroidManifest.xml:4:5-67
11-->src/main/AndroidManifest.xml:4:22-64
12    <uses-permission android:name="android.permission.ACCESS_FINE_LOCATION" />
12-->src/main/AndroidManifest.xml:6:5-79
12-->src/main/AndroidManifest.xml:6:22-76
13
14    <application
14-->src/main/AndroidManifest.xml:8:5-26:19
15        android:name="br.com.soluview.pigpay.MainApplication"
15-->src/main/AndroidManifest.xml:9:7-38
16        android:allowBackup="false"
16-->src/main/AndroidManifest.xml:12:7-34
17        android:appComponentFactory="androidx.core.app.CoreComponentFactory"
17-->[androidx.core:core:1.1.0] AndroidManifest.xml:24:18-86
18        android:icon="@mipmap/ic_launcher"
18-->src/main/AndroidManifest.xml:11:7-41
19        android:label="@string/app_name"
19-->src/main/AndroidManifest.xml:10:7-39
20        android:theme="@style/AppTheme" >
20-->src/main/AndroidManifest.xml:13:7-38
21        <activity
21-->src/main/AndroidManifest.xml:14:7-24:18
22            android:name="br.com.soluview.pigpay.MainActivity"
22-->src/main/AndroidManifest.xml:15:9-37
23            android:configChanges="keyboard|keyboardHidden|orientation|screenSize|uiMode"
23-->src/main/AndroidManifest.xml:17:9-86
24            android:label="@string/app_name"
24-->src/main/AndroidManifest.xml:16:9-41
25            android:launchMode="singleTask"
25-->src/main/AndroidManifest.xml:18:9-40
26            android:windowSoftInputMode="adjustResize" >
26-->src/main/AndroidManifest.xml:19:9-51
27            <intent-filter>
27-->src/main/AndroidManifest.xml:20:9-23:25
28                <action android:name="android.intent.action.MAIN" />
28-->src/main/AndroidManifest.xml:21:13-65
28-->src/main/AndroidManifest.xml:21:21-62
29
30                <category android:name="android.intent.category.LAUNCHER" />
30-->src/main/AndroidManifest.xml:22:13-73
30-->src/main/AndroidManifest.xml:22:23-70
31            </intent-filter>
32        </activity>
33        <activity android:name="com.facebook.react.devsupport.DevSettingsActivity" />
33-->src/main/AndroidManifest.xml:25:7-84
33-->src/main/AndroidManifest.xml:25:17-81
34    </application>
35
36</manifest>